<?xml version="1.0" encoding="UTF-8"?>
<!-- Generated by org.testng.reporters.JUnitReportReporter -->
<testsuite hostname="DESKTOP-7TRI039" failures="0" tests="2" name="example2" time="0.017" errors="0" timestamp="2023-10-31T14:03:37 IST" skipped="0">
  <testcase classname="example2" name="check1" time="0.003"/>
  <system-out/>
  <testcase classname="example2" name="check" time="0.014"/>
  <system-out/>
</testsuite> <!-- example2 -->
