<?xml version="1.0" encoding="UTF-8"?>
<!-- Generated by org.testng.reporters.JUnitReportReporter -->
<testsuite hostname="DESKTOP-7TRI039" failures="0" tests="1" name="example2" time="0.016" errors="0" timestamp="2023-10-30T15:07:35 IST" skipped="0">
  <testcase classname="example2" name="check" time="0.016"/>
  <system-out/>
</testsuite> <!-- example2 -->
